<!DOCTYPE HTML PUBLIC "-//W3C//DTD HTML 4.01//EN" "http://www.w3.org/TR/html4/strict.dtd">
<html>
<head>
<meta http-equiv="Content-Type" content="text/html; charset=utf-8"/>
<title>Test results - Class com.example.lunchtray.NavigationTests</title>
<link href="css/base-style.css" rel="stylesheet" type="text/css"/>
<link href="css/style.css" rel="stylesheet" type="text/css"/>
<script src="js/report.js" type="text/javascript"></script>
</head>
<body>
<div id="content">
<h1>Class com.example.lunchtray.NavigationTests</h1>
<div class="breadcrumbs">
<a href="index.html">all</a> &gt; 
<a href="com.example.lunchtray.html">com.example.lunchtray</a> &gt; NavigationTests</div>
<div id="summary">
<table>
<tr>
<td>
<div class="summaryGroup">
<table>
<tr>
<td>
<div class="infoBox" id="tests">
<div class="counter">4</div>
<p>tests</p>
</div>
</td>
<td>
<div class="infoBox" id="failures">
<div class="counter">3</div>
<p>failures</p>
</div>
</td>
<td>
<div class="infoBox" id="duration">
<div class="counter">3.910s</div>
<p>duration</p>
</div>
</td>
</tr>
</table>
</div>
</td>
<td>
<div class="infoBox failures" id="successRate">
<div class="percent">25%</div>
<p>successful</p>
</div>
</td>
</tr>
</table>
</div>
<div id="tabs">
<ul class="tabLinks">
<li>
<a href="#tab0">Failed tests</a>
</li>
<li>
<a href="#tab1">Tests</a>
</li>
</ul>
<div id="tab0" class="tab">
<h2>Failed tests</h2>
<div class="test">
<a name="navigate_to_entree_menu_from_start_order"></a>
<h3 class="failures">navigate_to_entree_menu_from_start_order</h3>
<span class="code">
<pre>java.lang.IllegalStateException: Fragment StartOrderFragment{6c1d0ea} (5e112956-a9ec-43f7-952f-96193388a5d2 id=0x1020002 tag=FragmentScenario_Fragment_Tag) does not have a NavController set
at androidx.navigation.fragment.NavHostFragment$Companion.findNavController(NavHostFragment.kt:394)
at androidx.navigation.fragment.FragmentKt.findNavController(Fragment.kt:29)
at com.example.lunchtray.ui.order.StartOrderFragment.onCreateView(StartOrderFragment.kt:54)
at androidx.fragment.app.Fragment.performCreateView(Fragment.java:2995)
at androidx.fragment.app.FragmentStateManager.createView(FragmentStateManager.java:523)
at androidx.fragment.app.FragmentStateManager.moveToExpectedState(FragmentStateManager.java:261)
at androidx.fragment.app.FragmentManager.executeOpsTogether(FragmentManager.java:1840)
at androidx.fragment.app.FragmentManager.removeRedundantOperationsAndExecute(FragmentManager.java:1758)
at androidx.fragment.app.FragmentManager.execSingleAction(FragmentManager.java:1670)
at androidx.fragment.app.BackStackRecord.commitNow(BackStackRecord.java:317)
at androidx.fragment.app.testing.FragmentScenario$Companion.internalLaunch$lambda-2(FragmentScenario.kt:628)
at androidx.fragment.app.testing.FragmentScenario$Companion.$r8$lambda$qQn68eFQCuWOFZCsJdZ7z8QDNvM(Unknown Source:0)
at androidx.fragment.app.testing.FragmentScenario$Companion$$ExternalSyntheticLambda0.perform(Unknown Source:13)
at androidx.test.core.app.ActivityScenario.lambda$onActivity$2$ActivityScenario(ActivityScenario.java:660)
at androidx.test.core.app.ActivityScenario$$Lambda$4.run(ActivityScenario.java:652)
at java.util.concurrent.Executors$RunnableAdapter.call(Executors.java:462)
at java.util.concurrent.FutureTask.run(FutureTask.java:266)
at android.app.Instrumentation$SyncRunnable.run(Instrumentation.java:2223)
at android.os.Handler.handleCallback(Handler.java:938)
at android.os.Handler.dispatchMessage(Handler.java:99)
at android.os.Looper.loop(Looper.java:223)
at android.app.ActivityThread.main(ActivityThread.java:7656)
at java.lang.reflect.Method.invoke(Native Method)
at com.android.internal.os.RuntimeInit$MethodAndArgsCaller.run(RuntimeInit.java:592)
at com.android.internal.os.ZygoteInit.main(ZygoteInit.java:947)</pre>
</span>
</div>
<div class="test">
<a name="navigate_to_start_order_from_checkout"></a>
<h3 class="failures">navigate_to_start_order_from_checkout</h3>
<span class="code">
<pre>java.lang.AssertionError: expected:&lt;2131231205&gt; but was:&lt;2131231204&gt;
at org.junit.Assert.fail(Assert.java:88)
at org.junit.Assert.failNotEquals(Assert.java:834)
at org.junit.Assert.assertEquals(Assert.java:118)
at org.junit.Assert.assertEquals(Assert.java:144)
at com.example.lunchtray.NavigationTests.navigate_to_start_order_from_checkout(NavigationTests.kt:200)</pre>
</span>
</div>
<div class="test">
<a name="navigate_to_start_order_from_entree_menu"></a>
<h3 class="failures">navigate_to_start_order_from_entree_menu</h3>
<span class="code">
<pre>java.lang.AssertionError: expected:&lt;2131231205&gt; but was:&lt;2131231204&gt;
at org.junit.Assert.fail(Assert.java:88)
at org.junit.Assert.failNotEquals(Assert.java:834)
at org.junit.Assert.assertEquals(Assert.java:118)
at org.junit.Assert.assertEquals(Assert.java:144)
at com.example.lunchtray.NavigationTests.navigate_to_start_order_from_entree_menu(NavigationTests.kt:83)</pre>
</span>
</div>
</div>
<div id="tab1" class="tab">
<h2>Tests</h2>
<table>
<thead>
<tr>
<th>Test</th>
<th>Pixel_5_API_30(AVD) - 11</th>
</tr>
</thead>
<tr>
<td>navigate_to_checkout_from_accompaniment_menu</td>
<td class="success">passed (0.673s)</td>
</tr>
<tr>
<td>navigate_to_entree_menu_from_start_order</td>
<td class="failures">failed (0.873s)</td>
</tr>
<tr>
<td>navigate_to_start_order_from_checkout</td>
<td class="failures">failed (1.496s)</td>
</tr>
<tr>
<td>navigate_to_start_order_from_entree_menu</td>
<td class="failures">failed (0.868s)</td>
</tr>
</table>
</div>
</div>
<div id="footer">
<p>Generated by 
<a href="http://www.gradle.org">Gradle 7.4.2</a> at 17 дек. 2022 г., 22:22:06</p>
</div>
</div>
</body>