<?xml version='1.0' encoding='UTF-8' ?>
<testsuite name="com.example.lunchtray.NavigationTests" tests="4" failures="3" errors="0" skipped="0" time="8.522" timestamp="2022-12-17T16:22:06" hostname="localhost">
  <properties>
    <property name="device" value="Pixel_5_API_30(AVD) - 11" />
    <property name="flavor" value="" />
    <property name="project" value=":app" />
  </properties>
  <testcase name="navigate_to_start_order_from_checkout" classname="com.example.lunchtray.NavigationTests" time="1.496">
    <failure>java.lang.AssertionError: expected:&lt;2131231205&gt; but was:&lt;2131231204&gt;
at org.junit.Assert.fail(Assert.java:88)
at org.junit.Assert.failNotEquals(Assert.java:834)
at org.junit.Assert.assertEquals(Assert.java:118)
at org.junit.Assert.assertEquals(Assert.java:144)
at com.example.lunchtray.NavigationTests.navigate_to_start_order_from_checkout(NavigationTests.kt:200)</failure>
  </testcase>
  <testcase name="navigate_to_start_order_from_entree_menu" classname="com.example.lunchtray.NavigationTests" time="0.868">
    <failure>java.lang.AssertionError: expected:&lt;2131231205&gt; but was:&lt;2131231204&gt;
at org.junit.Assert.fail(Assert.java:88)
at org.junit.Assert.failNotEquals(Assert.java:834)
at org.junit.Assert.assertEquals(Assert.java:118)
at org.junit.Assert.assertEquals(Assert.java:144)
at com.example.lunchtray.NavigationTests.navigate_to_start_order_from_entree_menu(NavigationTests.kt:83)</failure>
  </testcase>
  <testcase name="navigate_to_checkout_from_accompaniment_menu" classname="com.example.lunchtray.NavigationTests" time="0.673" />
  <testcase name="navigate_to_entree_menu_from_start_order" classname="com.example.lunchtray.NavigationTests" time="0.873">
    <failure>java.lang.IllegalStateException: Fragment StartOrderFragment{6c1d0ea} (5e112956-a9ec-43f7-952f-96193388a5d2 id=0x1020002 tag=FragmentScenario_Fragment_Tag) does not have a NavController set
at androidx.navigation.fragment.NavHostFragment$Companion.findNavController(NavHostFragment.kt:394)
at androidx.navigation.fragment.FragmentKt.findNavController(Fragment.kt:29)
at com.example.lunchtray.ui.order.StartOrderFragment.onCreateView(StartOrderFragment.kt:54)
at androidx.fragment.app.Fragment.performCreateView(Fragment.java:2995)
at androidx.fragment.app.FragmentStateManager.createView(FragmentStateManager.java:523)
at androidx.fragment.app.FragmentStateManager.moveToExpectedState(FragmentStateManager.java:261)
at androidx.fragment.app.FragmentManager.executeOpsTogether(FragmentManager.java:1840)
at androidx.fragment.app.FragmentManager.removeRedundantOperationsAndExecute(FragmentManager.java:1758)
at androidx.fragment.app.FragmentManager.execSingleAction(FragmentManager.java:1670)
at androidx.fragment.app.BackStackRecord.commitNow(BackStackRecord.java:317)
at androidx.fragment.app.testing.FragmentScenario$Companion.internalLaunch$lambda-2(FragmentScenario.kt:628)
at androidx.fragment.app.testing.FragmentScenario$Companion.$r8$lambda$qQn68eFQCuWOFZCsJdZ7z8QDNvM(Unknown Source:0)
at androidx.fragment.app.testing.FragmentScenario$Companion$$ExternalSyntheticLambda0.perform(Unknown Source:13)
at androidx.test.core.app.ActivityScenario.lambda$onActivity$2$ActivityScenario(ActivityScenario.java:660)
at androidx.test.core.app.ActivityScenario$$Lambda$4.run(ActivityScenario.java:652)
at java.util.concurrent.Executors$RunnableAdapter.call(Executors.java:462)
at java.util.concurrent.FutureTask.run(FutureTask.java:266)
at android.app.Instrumentation$SyncRunnable.run(Instrumentation.java:2223)
at android.os.Handler.handleCallback(Handler.java:938)
at android.os.Handler.dispatchMessage(Handler.java:99)
at android.os.Looper.loop(Looper.java:223)
at android.app.ActivityThread.main(ActivityThread.java:7656)
at java.lang.reflect.Method.invoke(Native Method)
at com.android.internal.os.RuntimeInit$MethodAndArgsCaller.run(RuntimeInit.java:592)
at com.android.internal.os.ZygoteInit.main(ZygoteInit.java:947)</failure>
  </testcase>
</testsuite>